<?xml version="1.0" encoding="UTF-8"?>
<testsuite xmlns:xsi="http://www.w3.org/2001/XMLSchema-instance" xsi:noNamespaceSchemaLocation="https://maven.apache.org/surefire/maven-surefire-plugin/xsd/surefire-test-report-3.0.xsd" version="3.0" name="fr.esir.omd.ci.TaskManagerTest" time="2.431" tests="3" errors="0" skipped="0" failures="0">
  <properties>
[...]
</properties>
  <testcase name="testAddMultipleTasks" classname="fr.esir.omd.ci.TaskManagerTest" time="2.373">
    <system-out><![CDATA[10:01:56.999 [main] INFO  fr.esir.omd.ci.TaskManager -- Nouvelle tâche ajoutée Tâche 1
10:01:57.039 [main] INFO  fr.esir.omd.ci.TaskManager -- Nouvelle tâche ajoutée Tâche 2
10:01:57.040 [main] DEBUG fr.esir.omd.ci.TaskManager -- Récupération de la liste des 2 tâches
]]></system-out>
    <system-err><![CDATA[SLF4J(I): Connected with provider of type [ch.qos.logback.classic.spi.LogbackServiceProvider]
WARNING: A Java agent has been loaded dynamically (C:\Users\gulli\Desktop\mon pc\a COURS ESIR\omd\tp3_git_maven\TP3_omd\net\bytebuddy\byte-buddy-agent\1.14.6\byte-buddy-agent-1.14.6.jar)
WARNING: If a serviceability tool is in use, please run with -XX:+EnableDynamicAgentLoading to hide this warning
WARNING: If a serviceability tool is not in use, please run with -Djdk.instrument.traceUsage for more information
WARNING: Dynamic loading of agents will be disallowed by default in a future release
]]></system-err>
  </testcase>
  <testcase name="testAddTask" classname="fr.esir.omd.ci.TaskManagerTest" time="0.008">
    <system-out><![CDATA[10:01:57.124 [main] INFO  fr.esir.omd.ci.TaskManager -- Nouvelle tâche ajoutée Tâche 1
10:01:57.125 [main] DEBUG fr.esir.omd.ci.TaskManager -- Récupération de la liste des 1 tâches
]]></system-out>
  </testcase>
  <testcase name="testGetTasksWhenEmpty" classname="fr.esir.omd.ci.TaskManagerTest" time="0.007">
    <system-out><![CDATA[10:01:57.131 [main] DEBUG fr.esir.omd.ci.TaskManager -- Récupération de la liste des 0 tâches
]]></system-out>
  </testcase>
</testsuite>